2024-08-08 16:01:10,217 - INFO - Задача выполнена
2024-08-08 16:01:10,217 - INFO - Скрипт запущен. Задача будет выполняться раз в 30 минут.
2024-08-08 16:01:46,554 - INFO - Скрипт запущен. Задача будет выполняться раз в 30 минут.
2024-08-08 11:21:13,406 - INFO - РЎС‚СЂР°РЅРёС†Р° СѓСЃРїРµС€РЅРѕ Р·Р°РіСЂСѓР¶РµРЅР°
2024-08-08 11:21:13,449 - INFO - РќР°Р№РґРµРЅС‹ СЌР»РµРјРµРЅС‚С‹
2024-08-08 11:21:13,450 - INFO - РљРѕР»РёС‡РµСЃС‚РІРѕ РЅР°Р№РґРµРЅРЅС‹С… РЅРѕРІРѕСЃС‚РµР№: 82
2024-08-08 11:21:13,876 - INFO - Р”Р°С‚Р°: 08.08.2024, Р’СЂРµРјСЏ: 14:17, Р—Р°РіРѕР»РѕРІРѕРє: РЈРєСЂР°РёРЅСЃРєРёРµ Р±РѕРµРІРёРєРё РІСЃРµ С‡Р°С‰Рµ РїСЂРёРјРµРЅСЏСЋС‚ РєСѓСЃС‚Р°СЂРЅС‹Рµ РІР·СЂС‹РІРЅС‹Рµ СѓСЃС‚СЂРѕР№СЃС‚РІР°
2024-08-08 11:21:13,962 - INFO - РќРѕРІР°СЏ СЃСЃС‹Р»РєР° РґРѕР±Р°РІР»РµРЅР°: https://newdaynews.ru/today//ukraine/834411.html
2024-08-08 11:21:13,973 - INFO - РќРѕРІРѕСЃС‚СЊ РґРѕР±Р°РІР»РµРЅР°: РЈРєСЂР°РёРЅСЃРєРёРµ Р±РѕРµРІРёРєРё РІСЃРµ С‡Р°С‰Рµ РїСЂРёРјРµРЅСЏСЋС‚ РєСѓСЃС‚Р°СЂРЅС‹Рµ РІР·СЂС‹РІРЅС‹Рµ СѓСЃС‚СЂРѕР№СЃС‚РІР°
2024-08-08 11:21:14,369 - INFO - Р”Р°С‚Р°: 08.08.2024, Р’СЂРµРјСЏ: 14:15, Р—Р°РіРѕР»РѕРІРѕРє: Р—РѕРѕСЃРїР°СЃР°С‚РµР»СЊ СЃРЅСЏР» СЃ Р±Р°СЂРµР»СЊРµС„Р° РІ РёСЃС‚РѕСЂРёС‡РµСЃРєРѕРј СЃРєРІРµСЂРµ РјР°Р»РµРЅСЊРєРѕРіРѕ РєРѕС‚РµРЅРєР°
2024-08-08 11:21:14,373 - INFO - РќРѕРІР°СЏ СЃСЃС‹Р»РєР° РґРѕР±Р°РІР»РµРЅР°: https://newdaynews.ru/today//ekaterinburg/834410.html
2024-08-08 11:21:14,377 - INFO - РќРѕРІРѕСЃС‚СЊ РґРѕР±Р°РІР»РµРЅР°: Р—РѕРѕСЃРїР°СЃР°С‚РµР»СЊ СЃРЅСЏР» СЃ Р±Р°СЂРµР»СЊРµС„Р° РІ РёСЃС‚РѕСЂРёС‡РµСЃРєРѕРј СЃРєРІРµСЂРµ РјР°Р»РµРЅСЊРєРѕРіРѕ РєРѕС‚РµРЅРєР°
2024-08-08 11:21:14,828 - INFO - Р”Р°С‚Р°: 08.08.2024, Р’СЂРµРјСЏ: 13:59, Р—Р°РіРѕР»РѕРІРѕРє: РџРѕРґРјРѕСЃРєРѕРІСЊРµ РіРѕС‚РѕРІРёС‚СЃСЏ РїСЂРёРЅСЏС‚СЊ СЌРІР°РєСѓРёСЂРѕРІР°РЅРЅС‹С… Р¶РёС‚РµР»РµР№ РљСѓСЂСЃРєРѕР№ РѕР±Р»Р°СЃС‚Рё
2024-08-08 11:21:14,832 - INFO - РќРѕРІР°СЏ СЃСЃС‹Р»РєР° РґРѕР±Р°РІР»РµРЅР°: https://newdaynews.ru/today//moscow/834405.html
2024-08-08 11:21:14,836 - INFO - РќРѕРІРѕСЃС‚СЊ РґРѕР±Р°РІР»РµРЅР°: РџРѕРґРјРѕСЃРєРѕРІСЊРµ РіРѕС‚РѕРІРёС‚СЃСЏ РїСЂРёРЅСЏС‚СЊ СЌРІР°РєСѓРёСЂРѕРІР°РЅРЅС‹С… Р¶РёС‚РµР»РµР№ РљСѓСЂСЃРєРѕР№ РѕР±Р»Р°СЃС‚Рё
2024-08-08 11:21:15,256 - INFO - Р”Р°С‚Р°: 08.08.2024, Р’СЂРµРјСЏ: 13:55, Р—Р°РіРѕР»РѕРІРѕРє: Р’РЎ Р Р¤ СЃР±РёР»Рё СѓРєСЂР°РёРЅСЃРєРёР№ РњРёР“-29 Рё 80 РґСЂРѕРЅРѕРІ
2024-08-08 11:21:15,260 - INFO - РќРѕРІР°СЏ СЃСЃС‹Р»РєР° РґРѕР±Р°РІР»РµРЅР°: https://newdaynews.ru/today//ukraine/834409.html
2024-08-08 11:21:15,264 - INFO - РќРѕРІРѕСЃС‚СЊ РґРѕР±Р°РІР»РµРЅР°: Р’РЎ Р Р¤ СЃР±РёР»Рё СѓРєСЂР°РёРЅСЃРєРёР№ РњРёР“-29 Рё 80 РґСЂРѕРЅРѕРІ
2024-08-08 11:21:15,592 - INFO - Р”Р°С‚Р°: 08.08.2024, Р’СЂРµРјСЏ: 13:44, Р—Р°РіРѕР»РѕРІРѕРє: Р’ РЇРєСѓС‚РёРё РІРµСЂС‚РѕР»РµС‚ СѓРїР°Р» РЅР° Р±РѕРє РїСЂРё РїРѕСЃР°РґРєРµ
2024-08-08 11:21:15,601 - INFO - РќРѕРІР°СЏ СЃСЃС‹Р»РєР° РґРѕР±Р°РІР»РµРЅР°: https://newdaynews.ru/today//incidents/834408.html
2024-08-08 11:21:15,605 - INFO - РќРѕРІРѕСЃС‚СЊ РґРѕР±Р°РІР»РµРЅР°: Р’ РЇРєСѓС‚РёРё РІРµСЂС‚РѕР»РµС‚ СѓРїР°Р» РЅР° Р±РѕРє РїСЂРё РїРѕСЃР°РґРєРµ
2024-08-08 11:21:15,967 - INFO - Р”Р°С‚Р°: 08.08.2024, Р’СЂРµРјСЏ: 13:42, Р—Р°РіРѕР»РѕРІРѕРє: Р“РµРЅРµСЂР°Р»СЊРЅС‹Р№ РґРёСЂРµРєС‚РѕСЂ В«РЈСЂР°Р»СЊСЃРєРёС… Р°РІРёР°Р»РёРЅРёР№В» СѓСЃС‚СѓРїРёР» РєСЂРµСЃР»Рѕ СЃС‹РЅСѓ
2024-08-08 11:21:15,976 - INFO - РќРѕРІР°СЏ СЃСЃС‹Р»РєР° РґРѕР±Р°РІР»РµРЅР°: https://newdaynews.ru/today//ekaterinburg/834407.html
2024-08-08 11:21:15,981 - INFO - РќРѕРІРѕСЃС‚СЊ РґРѕР±Р°РІР»РµРЅР°: Р“РµРЅРµСЂР°Р»СЊРЅС‹Р№ РґРёСЂРµРєС‚РѕСЂ В«РЈСЂР°Р»СЊСЃРєРёС… Р°РІРёР°Р»РёРЅРёР№В» СѓСЃС‚СѓРїРёР» РєСЂРµСЃР»Рѕ СЃС‹РЅСѓ
2024-08-08 11:21:16,356 - INFO - Р”Р°С‚Р°: 08.08.2024, Р’СЂРµРјСЏ: 13:36, Р—Р°РіРѕР»РѕРІРѕРє: РЎС‚СЂРѕРёС‚РµР»Рё РїСЂРёР·РІР°Р»Рё РЅРµ Р±СЂР°С‚СЊ РёРїРѕС‚РµРєСѓ РїРѕРґ 25% Рё РїСЂРµРґР»РѕР¶РёР»Рё РїРѕРґРѕР¶РґР°С‚СЊ РїРѕР»РіРѕРґР°
2024-08-08 11:21:16,359 - INFO - РќРѕРІР°СЏ СЃСЃС‹Р»РєР° РґРѕР±Р°РІР»РµРЅР°: https://newdaynews.ru/today//ekaterinburg/834406.html
2024-08-08 11:21:16,362 - INFO - РќРѕРІРѕСЃС‚СЊ РґРѕР±Р°РІР»РµРЅР°: РЎС‚СЂРѕРёС‚РµР»Рё РїСЂРёР·РІР°Р»Рё РЅРµ Р±СЂР°С‚СЊ РёРїРѕС‚РµРєСѓ РїРѕРґ 25% Рё РїСЂРµРґР»РѕР¶РёР»Рё РїРѕРґРѕР¶РґР°С‚СЊ РїРѕР»РіРѕРґР°
2024-08-08 11:21:16,776 - INFO - Р”Р°С‚Р°: 08.08.2024, Р’СЂРµРјСЏ: 13:29, Р—Р°РіРѕР»РѕРІРѕРє: Р’ РљРёРµРІРµ СЂР°СЃРєСЂС‹Р»Рё С†РµР»СЊ Р°С‚Р°РєРё РЅР° РљСѓСЂСЃРєСѓСЋ РѕР±Р»Р°СЃС‚СЊ
2024-08-08 11:21:16,784 - INFO - РќРѕРІР°СЏ СЃСЃС‹Р»РєР° РґРѕР±Р°РІР»РµРЅР°: https://newdaynews.ru/today//moscow/834402.html
2024-08-08 11:21:16,788 - INFO - РќРѕРІРѕСЃС‚СЊ РґРѕР±Р°РІР»РµРЅР°: Р’ РљРёРµРІРµ СЂР°СЃРєСЂС‹Р»Рё С†РµР»СЊ Р°С‚Р°РєРё РЅР° РљСѓСЂСЃРєСѓСЋ РѕР±Р»Р°СЃС‚СЊ
2024-08-08 11:21:17,180 - INFO - Р”Р°С‚Р°: 08.08.2024, Р’СЂРµРјСЏ: 13:27, Р—Р°РіРѕР»РѕРІРѕРє: РР·СЂР°РёР»СЊ РѕС‚РѕР·РІР°Р» Р°РєРєСЂРµРґРёС‚Р°С†РёСЋ РЅРѕСЂРІРµР¶СЃРєРёС… РґРёРїР»РѕРјР°С‚РѕРІ
2024-08-08 11:21:17,190 - INFO - РќРѕРІР°СЏ СЃСЃС‹Р»РєР° РґРѕР±Р°РІР»РµРЅР°: https://newdaynews.ru/today//politics/834404.html
2024-08-08 11:21:17,193 - INFO - РќРѕРІРѕСЃС‚СЊ РґРѕР±Р°РІР»РµРЅР°: РР·СЂР°РёР»СЊ РѕС‚РѕР·РІР°Р» Р°РєРєСЂРµРґРёС‚Р°С†РёСЋ РЅРѕСЂРІРµР¶СЃРєРёС… РґРёРїР»РѕРјР°С‚РѕРІ
2024-08-08 11:21:17,519 - INFO - Р”Р°С‚Р°: 08.08.2024, Р’СЂРµРјСЏ: 13:14, Р—Р°РіРѕР»РѕРІРѕРє: РЎС‚СЂРѕРёС‚РµР»Рё РїСЂРµРґСѓРїСЂРµРґРёР»Рё вЂ“ РІ Р•РєР°С‚РµСЂРёРЅР±СѓСЂРі Р·Р°С…РѕРґРёС‚ РЅРѕРІС‹Р№ РґРµРІРµР»РѕРїРµСЂ
2024-08-08 11:21:17,528 - INFO - РќРѕРІР°СЏ СЃСЃС‹Р»РєР° РґРѕР±Р°РІР»РµРЅР°: https://newdaynews.ru/today//ekaterinburg/834403.html
2024-08-08 11:21:17,531 - INFO - РќРѕРІРѕСЃС‚СЊ РґРѕР±Р°РІР»РµРЅР°: РЎС‚СЂРѕРёС‚РµР»Рё РїСЂРµРґСѓРїСЂРµРґРёР»Рё вЂ“ РІ Р•РєР°С‚РµСЂРёРЅР±СѓСЂРі Р·Р°С…РѕРґРёС‚ РЅРѕРІС‹Р№ РґРµРІРµР»РѕРїРµСЂ
2024-08-08 11:21:17,866 - INFO - Р”Р°С‚Р°: 08.08.2024, Р’СЂРµРјСЏ: 13:09, Р—Р°РіРѕР»РѕРІРѕРє: Р’ РўСѓСЂС†РёРё РѕРїСЂРѕРєРёРЅСѓР»СЃСЏ Р°РІС‚РѕР±СѓСЃ СЃ С‚СѓСЂРёСЃС‚Р°РјРё
2024-08-08 11:21:17,871 - INFO - РќРѕРІР°СЏ СЃСЃС‹Р»РєР° РґРѕР±Р°РІР»РµРЅР°: https://newdaynews.ru/today//incidents/834401.html
2024-08-08 11:21:17,874 - INFO - РќРѕРІРѕСЃС‚СЊ РґРѕР±Р°РІР»РµРЅР°: Р’ РўСѓСЂС†РёРё РѕРїСЂРѕРєРёРЅСѓР»СЃСЏ Р°РІС‚РѕР±СѓСЃ СЃ С‚СѓСЂРёСЃС‚Р°РјРё
2024-08-08 11:21:18,206 - INFO - Р”Р°С‚Р°: 08.08.2024, Р’СЂРµРјСЏ: 13:02, Р—Р°РіРѕР»РѕРІРѕРє: В«Р‘РµР¶Р°Р»Рё, Р±СЂРѕСЃРёРІ С‚РѕРІР°СЂВ»: РІ Р•РєР°С‚РµСЂРёРЅР±СѓСЂРіРµ РѕР±С‰РµСЃС‚РІРµРЅРЅРёРєРё СЂР°СЃРїСѓРіР°Р»Рё С‚РѕСЂРіРѕРІС†РµРІ С„СЂСѓРєС‚Р°РјРё
2024-08-08 11:21:18,214 - INFO - РќРѕРІР°СЏ СЃСЃС‹Р»РєР° РґРѕР±Р°РІР»РµРЅР°: https://newdaynews.ru/today//ekaterinburg/834400.html
2024-08-08 11:21:18,218 - INFO - РќРѕРІРѕСЃС‚СЊ РґРѕР±Р°РІР»РµРЅР°: В«Р‘РµР¶Р°Р»Рё, Р±СЂРѕСЃРёРІ С‚РѕРІР°СЂВ»: РІ Р•РєР°С‚РµСЂРёРЅР±СѓСЂРіРµ РѕР±С‰РµСЃС‚РІРµРЅРЅРёРєРё СЂР°СЃРїСѓРіР°Р»Рё С‚РѕСЂРіРѕРІС†РµРІ С„СЂСѓРєС‚Р°РјРё
2024-08-08 11:21:18,604 - INFO - Р”Р°С‚Р°: 08.08.2024, Р’СЂРµРјСЏ: 13:02, Р—Р°РіРѕР»РѕРІРѕРє: Р§РµСЂРЅРѕРіРѕСЂРёСЏ РІС‹РґР°Р»Р° Р РѕСЃСЃРёРё РґРІСѓС… РІР·СЏС‚РѕС‡РЅРёРєРѕРІ
2024-08-08 11:21:18,609 - INFO - РќРѕРІР°СЏ СЃСЃС‹Р»РєР° РґРѕР±Р°РІР»РµРЅР°: https://newdaynews.ru/today//incidents/834399.html
2024-08-08 11:21:18,613 - INFO - РќРѕРІРѕСЃС‚СЊ РґРѕР±Р°РІР»РµРЅР°: Р§РµСЂРЅРѕРіРѕСЂРёСЏ РІС‹РґР°Р»Р° Р РѕСЃСЃРёРё РґРІСѓС… РІР·СЏС‚РѕС‡РЅРёРєРѕРІ
2024-08-08 11:21:19,029 - INFO - Р”Р°С‚Р°: 08.08.2024, Р’СЂРµРјСЏ: 12:52, Р—Р°РіРѕР»РѕРІРѕРє: Р’ Р›Р°Р±С‹С‚РЅР°РЅРіРё СЃР°РјРѕРІС‹РґРІРёР¶РµРЅС†Р°-РїСЂРµРґРїСЂРёРЅРёРјР°С‚РµР»СЏ СЃРЅСЏР»Рё СЃ РІС‹Р±РѕСЂРѕРІ
2024-08-08 11:21:19,036 - INFO - РќРѕРІР°СЏ СЃСЃС‹Р»РєР° РґРѕР±Р°РІР»РµРЅР°: https://newdaynews.ru/today//yanao/834397.html
2024-08-08 11:21:19,039 - INFO - РќРѕРІРѕСЃС‚СЊ РґРѕР±Р°РІР»РµРЅР°: Р’ Р›Р°Р±С‹С‚РЅР°РЅРіРё СЃР°РјРѕРІС‹РґРІРёР¶РµРЅС†Р°-РїСЂРµРґРїСЂРёРЅРёРјР°С‚РµР»СЏ СЃРЅСЏР»Рё СЃ РІС‹Р±РѕСЂРѕРІ
2024-08-08 11:21:19,440 - INFO - Р”Р°С‚Р°: 08.08.2024, Р’СЂРµРјСЏ: 12:47, Р—Р°РіРѕР»РѕРІРѕРє: РЎ 11 Р°РІРіСѓСЃС‚Р° РёР· Р•РєР°С‚РµСЂРёРЅР±СѓСЂРіР° РЅР°С‡РЅСѓС‚ С…РѕРґРёС‚СЊ РїРѕРµР·РґР° РІ РСЂР±РёС‚ Рё РўСѓСЂРёРЅСЃРє (Р¤РћРўРћ)
2024-08-08 11:21:19,448 - INFO - РќРѕРІР°СЏ СЃСЃС‹Р»РєР° РґРѕР±Р°РІР»РµРЅР°: https://newdaynews.ru/today//ekaterinburg/834398.html
2024-08-08 11:21:19,451 - INFO - РќРѕРІРѕСЃС‚СЊ РґРѕР±Р°РІР»РµРЅР°: РЎ 11 Р°РІРіСѓСЃС‚Р° РёР· Р•РєР°С‚РµСЂРёРЅР±СѓСЂРіР° РЅР°С‡РЅСѓС‚ С…РѕРґРёС‚СЊ РїРѕРµР·РґР° РІ РСЂР±РёС‚ Рё РўСѓСЂРёРЅСЃРє (Р¤РћРўРћ)
2024-08-08 11:21:19,807 - INFO - Р”Р°С‚Р°: 08.08.2024, Р’СЂРµРјСЏ: 12:36, Р—Р°РіРѕР»РѕРІРѕРє: РћРґРёРЅ С‡РµР»РѕРІРµРє СЂР°РЅРµРЅ, РѕРґРёРЅ СѓР±РёС‚ РїСЂРё РѕР±СЃС‚СЂРµР»Рµ РЁРµР±РµРєРёРЅРѕ
2024-08-08 11:21:19,816 - INFO - РќРѕРІР°СЏ СЃСЃС‹Р»РєР° РґРѕР±Р°РІР»РµРЅР°: https://newdaynews.ru/today//incidents/834396.html
2024-08-08 11:21:19,819 - INFO - РќРѕРІРѕСЃС‚СЊ РґРѕР±Р°РІР»РµРЅР°: РћРґРёРЅ С‡РµР»РѕРІРµРє СЂР°РЅРµРЅ, РѕРґРёРЅ СѓР±РёС‚ РїСЂРё РѕР±СЃС‚СЂРµР»Рµ РЁРµР±РµРєРёРЅРѕ
2024-08-08 11:21:20,232 - INFO - Р”Р°С‚Р°: 08.08.2024, Р’СЂРµРјСЏ: 12:35, Р—Р°РіРѕР»РѕРІРѕРє: Р Р°РЅРµРЅС‹Р№ РІРѕРµРЅРєРѕСЂ РџРѕРґРґСѓР±РЅС‹Р№ РґРѕСЃС‚Р°РІР»РµРЅ РІ РњРѕСЃРєРІСѓ
2024-08-08 11:21:20,236 - INFO - РќРѕРІР°СЏ СЃСЃС‹Р»РєР° РґРѕР±Р°РІР»РµРЅР°: https://newdaynews.ru/today//moscow/834395.html
2024-08-08 11:21:20,239 - INFO - РќРѕРІРѕСЃС‚СЊ РґРѕР±Р°РІР»РµРЅР°: Р Р°РЅРµРЅС‹Р№ РІРѕРµРЅРєРѕСЂ РџРѕРґРґСѓР±РЅС‹Р№ РґРѕСЃС‚Р°РІР»РµРЅ РІ РњРѕСЃРєРІСѓ
2024-08-08 11:21:20,574 - INFO - Р”Р°С‚Р°: 08.08.2024, Р’СЂРµРјСЏ: 12:19, Р—Р°РіРѕР»РѕРІРѕРє: Р‘РѕРё РїСЂРѕРґРѕР»Р¶Р°СЋС‚СЃСЏ: РњРёРЅРѕР±РѕСЂРѕРЅС‹ Р Р¤ СЃРѕРѕР±С‰РёР»Рѕ Рѕ РїРѕС‚РµСЂСЏС… Р’РЎРЈ РІ РљСѓСЂСЃРєРѕР№ РѕР±Р»Р°СЃС‚Рё
2024-08-08 11:21:20,579 - INFO - РќРѕРІР°СЏ СЃСЃС‹Р»РєР° РґРѕР±Р°РІР»РµРЅР°: https://newdaynews.ru/today//moscow/834392.html
2024-08-08 11:21:20,583 - INFO - РќРѕРІРѕСЃС‚СЊ РґРѕР±Р°РІР»РµРЅР°: Р‘РѕРё РїСЂРѕРґРѕР»Р¶Р°СЋС‚СЃСЏ: РњРёРЅРѕР±РѕСЂРѕРЅС‹ Р Р¤ СЃРѕРѕР±С‰РёР»Рѕ Рѕ РїРѕС‚РµСЂСЏС… Р’РЎРЈ РІ РљСѓСЂСЃРєРѕР№ РѕР±Р»Р°СЃС‚Рё
2024-08-08 11:21:20,943 - INFO - Р”Р°С‚Р°: 08.08.2024, Р’СЂРµРјСЏ: 12:19, Р—Р°РіРѕР»РѕРІРѕРє: РЈСЂР°Р»СЊС†С‹ СЃС‚Р°Р»Рё РІ 2,3 СЂР°Р·Р° С‡Р°С‰Рµ РїРѕРєСѓРїР°С‚СЊ В«Р·РѕР»РѕС‚С‹РµВ» СЃРјР°СЂС‚С„РѕРЅС‹
2024-08-08 11:21:20,950 - INFO - РќРѕРІР°СЏ СЃСЃС‹Р»РєР° РґРѕР±Р°РІР»РµРЅР°: https://newdaynews.ru/today//ekaterinburg/834394.html
2024-08-08 11:21:20,953 - INFO - РќРѕРІРѕСЃС‚СЊ РґРѕР±Р°РІР»РµРЅР°: РЈСЂР°Р»СЊС†С‹ СЃС‚Р°Р»Рё РІ 2,3 СЂР°Р·Р° С‡Р°С‰Рµ РїРѕРєСѓРїР°С‚СЊ В«Р·РѕР»РѕС‚С‹РµВ» СЃРјР°СЂС‚С„РѕРЅС‹
2024-08-08 11:21:21,364 - INFO - Р”Р°С‚Р°: 08.08.2024, Р’СЂРµРјСЏ: 12:14, Р—Р°РіРѕР»РѕРІРѕРє: Р’ РљСѓСЂСЃРєРѕР№ РѕР±Р»Р°СЃС‚Рё С‡РµС‚С‹СЂРµ С‡РµР»РѕРІРµРєР° РїРѕРіРёР±Р»Рё РІ СЂРµР·СѓР»СЊС‚Р°С‚Рµ Р°С‚Р°Рє Р’РЎРЈ
2024-08-08 11:21:21,372 - INFO - РќРѕРІР°СЏ СЃСЃС‹Р»РєР° РґРѕР±Р°РІР»РµРЅР°: https://newdaynews.ru/today//incidents/834393.html
2024-08-08 11:21:21,376 - INFO - РќРѕРІРѕСЃС‚СЊ РґРѕР±Р°РІР»РµРЅР°: Р’ РљСѓСЂСЃРєРѕР№ РѕР±Р»Р°СЃС‚Рё С‡РµС‚С‹СЂРµ С‡РµР»РѕРІРµРєР° РїРѕРіРёР±Р»Рё РІ СЂРµР·СѓР»СЊС‚Р°С‚Рµ Р°С‚Р°Рє Р’РЎРЈ
2024-08-08 11:21:21,711 - INFO - Р”Р°С‚Р°: 08.08.2024, Р’СЂРµРјСЏ: 12:05, Р—Р°РіРѕР»РѕРІРѕРє: РњРѕСЃРєРѕРІСЃРєРёРµ Р±РѕР»СЊРЅРёС†С‹ РіРѕС‚РѕРІС‹ Рє РїСЂРёС‘РјСѓ СЂР°РЅРµРЅС‹С… РёР· РљСѓСЂСЃРєРѕР№ РѕР±Р»Р°СЃС‚Рё
2024-08-08 11:21:21,719 - INFO - РќРѕРІР°СЏ СЃСЃС‹Р»РєР° РґРѕР±Р°РІР»РµРЅР°: https://newdaynews.ru/today//moscow/834391.html
2024-08-08 11:21:21,723 - INFO - РќРѕРІРѕСЃС‚СЊ РґРѕР±Р°РІР»РµРЅР°: РњРѕСЃРєРѕРІСЃРєРёРµ Р±РѕР»СЊРЅРёС†С‹ РіРѕС‚РѕРІС‹ Рє РїСЂРёС‘РјСѓ СЂР°РЅРµРЅС‹С… РёР· РљСѓСЂСЃРєРѕР№ РѕР±Р»Р°СЃС‚Рё
2024-08-08 11:21:22,093 - INFO - Р”Р°С‚Р°: 08.08.2024, Р’СЂРµРјСЏ: 11:56, Р—Р°РіРѕР»РѕРІРѕРє: Р’ РјРёРєСЂРѕРІРѕР»РЅРѕРІРєР°С… РѕР±РёС‚Р°СЋС‚ РґРµСЃСЏС‚РєРё С‚РёРїРѕРІ РѕРїР°СЃРЅС‹С… Р±Р°РєС‚РµСЂРёР№
2024-08-08 11:21:22,101 - INFO - РќРѕРІР°СЏ СЃСЃС‹Р»РєР° РґРѕР±Р°РІР»РµРЅР°: https://newdaynews.ru/today//health/834390.html
2024-08-08 11:21:22,105 - INFO - РќРѕРІРѕСЃС‚СЊ РґРѕР±Р°РІР»РµРЅР°: Р’ РјРёРєСЂРѕРІРѕР»РЅРѕРІРєР°С… РѕР±РёС‚Р°СЋС‚ РґРµСЃСЏС‚РєРё С‚РёРїРѕРІ РѕРїР°СЃРЅС‹С… Р±Р°РєС‚РµСЂРёР№
2024-08-08 11:21:22,458 - INFO - Р”Р°С‚Р°: 08.08.2024, Р’СЂРµРјСЏ: 11:50, Р—Р°РіРѕР»РѕРІРѕРє: РЎСѓРґ РЅРµ СЃС‚Р°Р» СЂР°СЃСЃРјР°С‚СЂРёРІР°С‚СЊ РёСЃРє Рѕ Р±Р°РЅРєСЂРѕС‚СЃС‚РІРµ РєРѕРјРїР°РЅРёРё, СЂР°РЅРµРµ РІР»Р°РґРµРІС€РµР№ Р§Р­РњРљ
2024-08-08 11:21:22,466 - INFO - РќРѕРІР°СЏ СЃСЃС‹Р»РєР° РґРѕР±Р°РІР»РµРЅР°: https://newdaynews.ru/today//chelyabinsk/834389.html
2024-08-08 11:21:22,471 - INFO - РќРѕРІРѕСЃС‚СЊ РґРѕР±Р°РІР»РµРЅР°: РЎСѓРґ РЅРµ СЃС‚Р°Р» СЂР°СЃСЃРјР°С‚СЂРёРІР°С‚СЊ РёСЃРє Рѕ Р±Р°РЅРєСЂРѕС‚СЃС‚РІРµ РєРѕРјРїР°РЅРёРё, СЂР°РЅРµРµ РІР»Р°РґРµРІС€РµР№ Р§Р­РњРљ
2024-08-08 11:21:22,811 - INFO - Р”Р°С‚Р°: 08.08.2024, Р’СЂРµРјСЏ: 11:43, Р—Р°РіРѕР»РѕРІРѕРє: РЎРЁРђ РїРµСЂРµРЅР°РїСЂР°РІРёР»Рё РїРѕСЃС‚Р°РІРєРё РЎРџР“ СЃ СЂС‹РЅРєР° Р•РІСЂРѕРїС‹ РІ РђР·РёСЋ
2024-08-08 11:21:22,819 - INFO - РќРѕРІР°СЏ СЃСЃС‹Р»РєР° РґРѕР±Р°РІР»РµРЅР°: https://newdaynews.ru/today//economy/834381.html
2024-08-08 11:21:22,823 - INFO - РќРѕРІРѕСЃС‚СЊ РґРѕР±Р°РІР»РµРЅР°: РЎРЁРђ РїРµСЂРµРЅР°РїСЂР°РІРёР»Рё РїРѕСЃС‚Р°РІРєРё РЎРџР“ СЃ СЂС‹РЅРєР° Р•РІСЂРѕРїС‹ РІ РђР·РёСЋ
2024-08-08 11:21:23,154 - INFO - Р”Р°С‚Р°: 08.08.2024, Р’СЂРµРјСЏ: 11:36, Р—Р°РіРѕР»РѕРІРѕРє: РџСЂРѕРєСѓСЂР°С‚СѓСЂР° РїСЂРѕРІРѕРґРёС‚ РїСЂРѕРІРµСЂРєСѓ РїРѕ С„Р°РєС‚Сѓ СѓС…РѕРґР° С‚СЂРµС…Р»РµС‚РЅРµР№ РґРµРІРѕС‡РєРё РёР· РґРµС‚СЃРєРѕРіРѕ СЃР°РґР°
2024-08-08 11:21:23,157 - INFO - РќРѕРІР°СЏ СЃСЃС‹Р»РєР° РґРѕР±Р°РІР»РµРЅР°: https://newdaynews.ru/today//ekaterinburg/834388.html
2024-08-08 11:21:23,160 - INFO - РќРѕРІРѕСЃС‚СЊ РґРѕР±Р°РІР»РµРЅР°: РџСЂРѕРєСѓСЂР°С‚СѓСЂР° РїСЂРѕРІРѕРґРёС‚ РїСЂРѕРІРµСЂРєСѓ РїРѕ С„Р°РєС‚Сѓ СѓС…РѕРґР° С‚СЂРµС…Р»РµС‚РЅРµР№ РґРµРІРѕС‡РєРё РёР· РґРµС‚СЃРєРѕРіРѕ СЃР°РґР°
2024-08-08 11:21:23,560 - INFO - Р”Р°С‚Р°: 08.08.2024, Р’СЂРµРјСЏ: 11:33, Р—Р°РіРѕР»РѕРІРѕРє: Р’ РЇРїРѕРЅРёРё РїСЂРѕРёР·РѕС€Р»Рѕ Р·РµРјР»РµС‚СЂСЏСЃРµРЅРёРµ РјР°РіРЅРёС‚СѓРґРѕР№ 7,1
2024-08-08 11:21:23,564 - INFO - РќРѕРІР°СЏ СЃСЃС‹Р»РєР° РґРѕР±Р°РІР»РµРЅР°: https://newdaynews.ru/today//inworld/834387.html
2024-08-08 11:21:23,567 - INFO - РќРѕРІРѕСЃС‚СЊ РґРѕР±Р°РІР»РµРЅР°: Р’ РЇРїРѕРЅРёРё РїСЂРѕРёР·РѕС€Р»Рѕ Р·РµРјР»РµС‚СЂСЏСЃРµРЅРёРµ РјР°РіРЅРёС‚СѓРґРѕР№ 7,1
2024-08-08 11:21:23,928 - INFO - Р”Р°С‚Р°: 08.08.2024, Р’СЂРµРјСЏ: 11:32, Р—Р°РіРѕР»РѕРІРѕРє: Р’ РјРѕСЃРєРѕРІСЃРєРѕРј СЂРµРіРёРѕРЅРµ СЃРЅРѕРІР° РѕР±СЉСЏРІР»РµРЅРѕ С€С‚РѕСЂРјРѕРІРѕРµ РїСЂРµРґСѓРїСЂРµР¶РґРµРЅРёРµ
2024-08-08 11:21:23,936 - INFO - РќРѕРІР°СЏ СЃСЃС‹Р»РєР° РґРѕР±Р°РІР»РµРЅР°: https://newdaynews.ru/today//moscow/834386.html
2024-08-08 11:21:23,940 - INFO - РќРѕРІРѕСЃС‚СЊ РґРѕР±Р°РІР»РµРЅР°: Р’ РјРѕСЃРєРѕРІСЃРєРѕРј СЂРµРіРёРѕРЅРµ СЃРЅРѕРІР° РѕР±СЉСЏРІР»РµРЅРѕ С€С‚РѕСЂРјРѕРІРѕРµ РїСЂРµРґСѓРїСЂРµР¶РґРµРЅРёРµ
2024-08-08 11:21:24,316 - INFO - Р”Р°С‚Р°: 08.08.2024, Р’СЂРµРјСЏ: 11:32, Р—Р°РіРѕР»РѕРІРѕРє: РЎРёР»РѕРІРёРєРё РЅР°РєСЂС‹Р»Рё РїСЂРµРґРїСЂРёСЏС‚РёРµ СЃ РѕР±С‰РµР¶РёС‚РёРµРј РґР»СЏ РЅРµР»РµРіР°Р»СЊРЅС‹С… РјРёРіСЂР°РЅС‚РѕРІ (Р¤РћРўРћ)
2024-08-08 11:21:24,324 - INFO - РќРѕРІР°СЏ СЃСЃС‹Р»РєР° РґРѕР±Р°РІР»РµРЅР°: https://newdaynews.ru/today//ekaterinburg/834385.html
2024-08-08 11:21:24,328 - INFO - РќРѕРІРѕСЃС‚СЊ РґРѕР±Р°РІР»РµРЅР°: РЎРёР»РѕРІРёРєРё РЅР°РєСЂС‹Р»Рё РїСЂРµРґРїСЂРёСЏС‚РёРµ СЃ РѕР±С‰РµР¶РёС‚РёРµРј РґР»СЏ РЅРµР»РµРіР°Р»СЊРЅС‹С… РјРёРіСЂР°РЅС‚РѕРІ (Р¤РћРўРћ)
2024-08-08 11:21:24,656 - INFO - Р”Р°С‚Р°: 08.08.2024, Р’СЂРµРјСЏ: 11:25, Р—Р°РіРѕР»РѕРІРѕРє: РќР° РЈСЂР°Р»Рµ РјСѓР¶С‡РёРЅР° СѓР±РёР» Р±С‹РІС€СѓСЋ Р¶РµРЅСѓ, СЂР°РЅРёР» РµРµ РЅРѕРІРѕРіРѕ РјСѓР¶Р° Рё СЃРєСЂС‹Р»СЃСЏ
2024-08-08 11:21:24,661 - INFO - РќРѕРІР°СЏ СЃСЃС‹Р»РєР° РґРѕР±Р°РІР»РµРЅР°: https://newdaynews.ru/today//ekaterinburg/834384.html
2024-08-08 11:21:24,665 - INFO - РќРѕРІРѕСЃС‚СЊ РґРѕР±Р°РІР»РµРЅР°: РќР° РЈСЂР°Р»Рµ РјСѓР¶С‡РёРЅР° СѓР±РёР» Р±С‹РІС€СѓСЋ Р¶РµРЅСѓ, СЂР°РЅРёР» РµРµ РЅРѕРІРѕРіРѕ РјСѓР¶Р° Рё СЃРєСЂС‹Р»СЃСЏ
2024-08-08 11:21:25,044 - INFO - Р”Р°С‚Р°: 08.08.2024, Р’СЂРµРјСЏ: 11:13, Р—Р°РіРѕР»РѕРІРѕРє: Р’ Р§РµР»СЏР±РёРЅСЃРєРµ РІС‹РЅРµСЃР»Рё РїСЂРёРіРѕРІРѕСЂ РїРµРґРѕС„РёР»Сѓ РёР· РЎР°РЅРєС‚-РџРµС‚РµСЂР±СѓСЂРіР°
2024-08-08 11:21:25,052 - INFO - РќРѕРІР°СЏ СЃСЃС‹Р»РєР° РґРѕР±Р°РІР»РµРЅР°: https://newdaynews.ru/today//chelyabinsk/834383.html
2024-08-08 11:21:25,056 - INFO - РќРѕРІРѕСЃС‚СЊ РґРѕР±Р°РІР»РµРЅР°: Р’ Р§РµР»СЏР±РёРЅСЃРєРµ РІС‹РЅРµСЃР»Рё РїСЂРёРіРѕРІРѕСЂ РїРµРґРѕС„РёР»Сѓ РёР· РЎР°РЅРєС‚-РџРµС‚РµСЂР±СѓСЂРіР°
2024-08-08 11:21:25,434 - INFO - Р”Р°С‚Р°: 08.08.2024, Р’СЂРµРјСЏ: 11:08, Р—Р°РіРѕР»РѕРІРѕРє: Р’ РљСѓР·Р±Р°СЃСЃРµ РїРѕРґСЂРѕСЃС‚РѕРє Р·Р°СЂРµР·Р°Р» Рё СЂР°СЃС‡Р»РµРЅРёР» СЃРІРѕСЋ Р±Р°Р±СѓС€РєСѓ
2024-08-08 11:21:25,442 - INFO - РќРѕРІР°СЏ СЃСЃС‹Р»РєР° РґРѕР±Р°РІР»РµРЅР°: https://newdaynews.ru/today//incidents/834382.html
2024-08-08 11:21:25,446 - INFO - РќРѕРІРѕСЃС‚СЊ РґРѕР±Р°РІР»РµРЅР°: Р’ РљСѓР·Р±Р°СЃСЃРµ РїРѕРґСЂРѕСЃС‚РѕРє Р·Р°СЂРµР·Р°Р» Рё СЂР°СЃС‡Р»РµРЅРёР» СЃРІРѕСЋ Р±Р°Р±СѓС€РєСѓ
2024-08-08 11:21:25,792 - INFO - Р”Р°С‚Р°: 08.08.2024, Р’СЂРµРјСЏ: 11:01, Р—Р°РіРѕР»РѕРІРѕРє: Р­СЃС‚РѕРЅРёСЏ РІРІРµР»Р° РїРѕР»РЅС‹Р№ С‚Р°РјРѕР¶РµРЅРЅС‹Р№ РєРѕРЅС‚СЂРѕР»СЊ РЅР° РіСЂР°РЅРёС†Рµ СЃ Р РѕСЃСЃРёРµР№
2024-08-08 11:21:25,801 - INFO - РќРѕРІР°СЏ СЃСЃС‹Р»РєР° РґРѕР±Р°РІР»РµРЅР°: https://newdaynews.ru/today//politics/834380.html
2024-08-08 11:21:25,805 - INFO - РќРѕРІРѕСЃС‚СЊ РґРѕР±Р°РІР»РµРЅР°: Р­СЃС‚РѕРЅРёСЏ РІРІРµР»Р° РїРѕР»РЅС‹Р№ С‚Р°РјРѕР¶РµРЅРЅС‹Р№ РєРѕРЅС‚СЂРѕР»СЊ РЅР° РіСЂР°РЅРёС†Рµ СЃ Р РѕСЃСЃРёРµР№
2024-08-08 11:21:26,173 - INFO - Р”Р°С‚Р°: 08.08.2024, Р’СЂРµРјСЏ: 10:59, Р—Р°РіРѕР»РѕРІРѕРє: Р РѕСЃСЃРёСЏ Р±СѓРґРµС‚ СѓРєСЂРµРїР»СЏС‚СЊ СЃРІРѕРµ РїСЂРёСЃСѓС‚СЃС‚РІРёРµ РІ РђСЂРєС‚РёРєРµ
2024-08-08 11:21:26,180 - INFO - РќРѕРІР°СЏ СЃСЃС‹Р»РєР° РґРѕР±Р°РІР»РµРЅР°: https://newdaynews.ru/today//yanao/834379.html
2024-08-08 11:21:26,183 - INFO - РќРѕРІРѕСЃС‚СЊ РґРѕР±Р°РІР»РµРЅР°: Р РѕСЃСЃРёСЏ Р±СѓРґРµС‚ СѓРєСЂРµРїР»СЏС‚СЊ СЃРІРѕРµ РїСЂРёСЃСѓС‚СЃС‚РІРёРµ РІ РђСЂРєС‚РёРєРµ
2024-08-08 11:21:26,597 - INFO - Р”Р°С‚Р°: 08.08.2024, Р’СЂРµРјСЏ: 10:51, Р—Р°РіРѕР»РѕРІРѕРє: РЎС‚СѓРґРµРЅС‚С‹-С†РµР»РµРІРёРєРё Р·Р°РЅСЏР»Рё РІ РЈСЂР¤РЈ С‚РѕР»СЊРєРѕ С‡РµС‚РІРµСЂС‚СЊ РІС‹РґРµР»РµРЅРЅС‹С… РёРј РјРµСЃС‚
2024-08-08 11:21:26,604 - INFO - РќРѕРІР°СЏ СЃСЃС‹Р»РєР° РґРѕР±Р°РІР»РµРЅР°: https://newdaynews.ru/today//ekaterinburg/834378.html
2024-08-08 11:21:26,610 - INFO - РќРѕРІРѕСЃС‚СЊ РґРѕР±Р°РІР»РµРЅР°: РЎС‚СѓРґРµРЅС‚С‹-С†РµР»РµРІРёРєРё Р·Р°РЅСЏР»Рё РІ РЈСЂР¤РЈ С‚РѕР»СЊРєРѕ С‡РµС‚РІРµСЂС‚СЊ РІС‹РґРµР»РµРЅРЅС‹С… РёРј РјРµСЃС‚
2024-08-08 11:21:26,982 - INFO - Р”Р°С‚Р°: 08.08.2024, Р’СЂРµРјСЏ: 10:37, Р—Р°РіРѕР»РѕРІРѕРє: Р’ РєРёС‚Р°Р№СЃРєРѕР№ РїСЂРѕРІРёРЅС†РёРё РҐР°Р№РЅР°РЅСЊ РїРѕС‚РµСЂРїРµР» РєСЂСѓС€РµРЅРёРµ СЃР°РјРѕР»РµС‚
2024-08-08 11:21:26,990 - INFO - РќРѕРІР°СЏ СЃСЃС‹Р»РєР° РґРѕР±Р°РІР»РµРЅР°: https://newdaynews.ru/today//inworld/834377.html
2024-08-08 11:21:26,993 - INFO - РќРѕРІРѕСЃС‚СЊ РґРѕР±Р°РІР»РµРЅР°: Р’ РєРёС‚Р°Р№СЃРєРѕР№ РїСЂРѕРІРёРЅС†РёРё РҐР°Р№РЅР°РЅСЊ РїРѕС‚РµСЂРїРµР» РєСЂСѓС€РµРЅРёРµ СЃР°РјРѕР»РµС‚
2024-08-08 11:21:27,328 - INFO - Р”Р°С‚Р°: 08.08.2024, Р’СЂРµРјСЏ: 10:27, Р—Р°РіРѕР»РѕРІРѕРє: РўСѓСЂС†РёСЏ РјРѕР¶РµС‚ РІРєР»СЋС‡РёС‚СЊ СЂРѕСЃСЃРёР№СЃРєРёР№ РЎ-400 РІ РЅРѕРІСѓСЋ СЃРёСЃС‚РµРјСѓ В«РЎС‚Р°Р»СЊРЅРѕР№ РєСѓРїРѕР»В»
2024-08-08 11:21:27,331 - INFO - РќРѕРІР°СЏ СЃСЃС‹Р»РєР° РґРѕР±Р°РІР»РµРЅР°: https://newdaynews.ru/today//politics/834376.html
2024-08-08 11:21:27,334 - INFO - РќРѕРІРѕСЃС‚СЊ РґРѕР±Р°РІР»РµРЅР°: РўСѓСЂС†РёСЏ РјРѕР¶РµС‚ РІРєР»СЋС‡РёС‚СЊ СЂРѕСЃСЃРёР№СЃРєРёР№ РЎ-400 РІ РЅРѕРІСѓСЋ СЃРёСЃС‚РµРјСѓ В«РЎС‚Р°Р»СЊРЅРѕР№ РєСѓРїРѕР»В»
2024-08-08 11:21:27,784 - INFO - Р”Р°С‚Р°: 08.08.2024, Р’СЂРµРјСЏ: 10:25, Р—Р°РіРѕР»РѕРІРѕРє: РЎРјРёСЂРЅРѕРІ РѕРїСѓР±Р»РёРєРѕРІР°Р» РїРµСЂРІРѕРµ РѕР±СЂР°С‰РµРЅРёРµ РџРѕРґРґСѓР±РЅРѕРіРѕ РїРѕСЃР»Рµ СЂР°РЅРµРЅРёСЏ
2024-08-08 11:21:27,791 - INFO - РќРѕРІР°СЏ СЃСЃС‹Р»РєР° РґРѕР±Р°РІР»РµРЅР°: https://newdaynews.ru/today//incidents/834375.html
2024-08-08 11:21:27,794 - INFO - РќРѕРІРѕСЃС‚СЊ РґРѕР±Р°РІР»РµРЅР°: РЎРјРёСЂРЅРѕРІ РѕРїСѓР±Р»РёРєРѕРІР°Р» РїРµСЂРІРѕРµ РѕР±СЂР°С‰РµРЅРёРµ РџРѕРґРґСѓР±РЅРѕРіРѕ РїРѕСЃР»Рµ СЂР°РЅРµРЅРёСЏ
2024-08-08 11:21:28,235 - INFO - Р”Р°С‚Р°: 08.08.2024, Р’СЂРµРјСЏ: 10:13, Р—Р°РіРѕР»РѕРІРѕРє: РџСЂРѕРєСѓСЂРѕСЂ РїРѕС‚СЂРµР±РѕРІР°Р» РґР»СЏ РѕР±РІРёРЅСЏРµРјРѕР№ РІ РіРѕСЃРёР·РјРµРЅРµ РљСЃРµРЅРёРё РљР°СЂРµР»РёРЅРѕР№ 15 Р»РµС‚ Р»РёС€РµРЅРёСЏ СЃРІРѕР±РѕРґС‹
2024-08-08 11:21:28,239 - INFO - РќРѕРІР°СЏ СЃСЃС‹Р»РєР° РґРѕР±Р°РІР»РµРЅР°: https://newdaynews.ru/today//ekaterinburg/834374.html
2024-08-08 11:21:28,242 - INFO - РќРѕРІРѕСЃС‚СЊ РґРѕР±Р°РІР»РµРЅР°: РџСЂРѕРєСѓСЂРѕСЂ РїРѕС‚СЂРµР±РѕРІР°Р» РґР»СЏ РѕР±РІРёРЅСЏРµРјРѕР№ РІ РіРѕСЃРёР·РјРµРЅРµ РљСЃРµРЅРёРё РљР°СЂРµР»РёРЅРѕР№ 15 Р»РµС‚ Р»РёС€РµРЅРёСЏ СЃРІРѕР±РѕРґС‹
2024-08-08 11:21:28,602 - INFO - Р”Р°С‚Р°: 08.08.2024, Р’СЂРµРјСЏ: 10:03, Р—Р°РіРѕР»РѕРІРѕРє: РњРµРґРІРµРґРµРІ РїСЂРёР·РІР°Р» РѕС‚РєР°Р·Р°С‚СЊСЃСЏ РѕС‚ РґРёРїР»РѕРјР°С‚РёРё Рё РёРґС‚Рё РґРѕ РљРёРµРІР°
2024-08-08 11:21:28,605 - INFO - РќРѕРІР°СЏ СЃСЃС‹Р»РєР° РґРѕР±Р°РІР»РµРЅР°: https://newdaynews.ru/today//politics/834370.html
2024-08-08 11:21:28,608 - INFO - РќРѕРІРѕСЃС‚СЊ РґРѕР±Р°РІР»РµРЅР°: РњРµРґРІРµРґРµРІ РїСЂРёР·РІР°Р» РѕС‚РєР°Р·Р°С‚СЊСЃСЏ РѕС‚ РґРёРїР»РѕРјР°С‚РёРё Рё РёРґС‚Рё РґРѕ РљРёРµРІР°
2024-08-08 11:21:28,989 - INFO - Р”Р°С‚Р°: 08.08.2024, Р’СЂРµРјСЏ: 10:00, Р—Р°РіРѕР»РѕРІРѕРє: Р‘РѕР»РµРµ 80% Р°Р±РёС‚СѓСЂРёРµРЅС‚РѕРІ РІСѓР·РѕРІ РїРѕРґР°Р»Рё РґРѕРєСѓРјРµРЅС‚С‹ РґРёСЃС‚Р°РЅС†РёРѕРЅРЅРѕ
2024-08-08 11:21:28,998 - INFO - РќРѕРІР°СЏ СЃСЃС‹Р»РєР° РґРѕР±Р°РІР»РµРЅР°: https://newdaynews.ru/today//ekaterinburg/834373.html
2024-08-08 11:21:29,002 - INFO - РќРѕРІРѕСЃС‚СЊ РґРѕР±Р°РІР»РµРЅР°: Р‘РѕР»РµРµ 80% Р°Р±РёС‚СѓСЂРёРµРЅС‚РѕРІ РІСѓР·РѕРІ РїРѕРґР°Р»Рё РґРѕРєСѓРјРµРЅС‚С‹ РґРёСЃС‚Р°РЅС†РёРѕРЅРЅРѕ
2024-08-08 11:21:29,404 - INFO - Р”Р°С‚Р°: 08.08.2024, Р’СЂРµРјСЏ: 09:58, Р—Р°РіРѕР»РѕРІРѕРє: РђСЃС‚СЂРѕРЅР°РІС‚С‹ Р·Р°СЃС‚СЂСЏР»Рё РЅР° РњРљРЎ РёР·-Р·Р° РїСЂРѕР±Р»РµРј СЃ Boeing Starliner
2024-08-08 11:21:29,407 - INFO - РќРѕРІР°СЏ СЃСЃС‹Р»РєР° РґРѕР±Р°РІР»РµРЅР°: https://newdaynews.ru/today//incidents/834372.html
2024-08-08 11:21:29,410 - INFO - РќРѕРІРѕСЃС‚СЊ РґРѕР±Р°РІР»РµРЅР°: РђСЃС‚СЂРѕРЅР°РІС‚С‹ Р·Р°СЃС‚СЂСЏР»Рё РЅР° РњРљРЎ РёР·-Р·Р° РїСЂРѕР±Р»РµРј СЃ Boeing Starliner
2024-08-08 11:21:29,817 - INFO - Р”Р°С‚Р°: 08.08.2024, Р’СЂРµРјСЏ: 09:30, Р—Р°РіРѕР»РѕРІРѕРє: РҐР°РЅС‚РµСЂ Р‘Р°Р№РґРµРЅ РїРѕР»СѓС‡Р°Р» РјРёР»Р»РёРѕРЅС‹ РѕС‚ Р±РёР·РЅРµСЃРјРµРЅР° РёР· Р СѓРјС‹РЅРёРё
2024-08-08 11:21:29,824 - INFO - РќРѕРІР°СЏ СЃСЃС‹Р»РєР° РґРѕР±Р°РІР»РµРЅР°: https://newdaynews.ru/today//inworld/834371.html
2024-08-08 11:21:29,827 - INFO - РќРѕРІРѕСЃС‚СЊ РґРѕР±Р°РІР»РµРЅР°: РҐР°РЅС‚РµСЂ Р‘Р°Р№РґРµРЅ РїРѕР»СѓС‡Р°Р» РјРёР»Р»РёРѕРЅС‹ РѕС‚ Р±РёР·РЅРµСЃРјРµРЅР° РёР· Р СѓРјС‹РЅРёРё
2024-08-08 11:21:30,181 - INFO - Р”Р°С‚Р°: 08.08.2024, Р’СЂРµРјСЏ: 09:24, Р—Р°РіРѕР»РѕРІРѕРє: РќР° РЈРєСЂР°РёРЅРµ РѕР±СЉСЏРІР»РµРЅР° РІРѕР·РґСѓС€РЅР°СЏ С‚СЂРµРІРѕРіР°
2024-08-08 11:21:30,188 - INFO - РќРѕРІР°СЏ СЃСЃС‹Р»РєР° РґРѕР±Р°РІР»РµРЅР°: https://newdaynews.ru/today//kiev/834369.html
2024-08-08 11:21:30,191 - INFO - РќРѕРІРѕСЃС‚СЊ РґРѕР±Р°РІР»РµРЅР°: РќР° РЈРєСЂР°РёРЅРµ РѕР±СЉСЏРІР»РµРЅР° РІРѕР·РґСѓС€РЅР°СЏ С‚СЂРµРІРѕРіР°
2024-08-08 11:21:30,554 - INFO - Р”Р°С‚Р°: 08.08.2024, Р’СЂРµРјСЏ: 09:21, Р—Р°РіРѕР»РѕРІРѕРє: РўР°РјРѕР¶РµРЅРЅРёРєРё РѕР±РЅР°СЂСѓР¶РёР»Рё РєСЂСѓРїРЅСѓСЋ РїР°СЂС‚РёСЋ РЅРµР»РµРіР°Р»СЊРЅРѕР№ РєРѕРєР°-РєРѕР»С‹
2024-08-08 11:21:30,561 - INFO - РќРѕРІР°СЏ СЃСЃС‹Р»РєР° РґРѕР±Р°РІР»РµРЅР°: https://newdaynews.ru/today//ekaterinburg/834368.html
2024-08-08 11:21:30,564 - INFO - РќРѕРІРѕСЃС‚СЊ РґРѕР±Р°РІР»РµРЅР°: РўР°РјРѕР¶РµРЅРЅРёРєРё РѕР±РЅР°СЂСѓР¶РёР»Рё РєСЂСѓРїРЅСѓСЋ РїР°СЂС‚РёСЋ РЅРµР»РµРіР°Р»СЊРЅРѕР№ РєРѕРєР°-РєРѕР»С‹
2024-08-08 11:21:30,928 - INFO - Р”Р°С‚Р°: 08.08.2024, Р’СЂРµРјСЏ: 09:17, Р—Р°РіРѕР»РѕРІРѕРє: РџРѕРґ РљСЂР°СЃРЅРѕСЏСЂСЃРєРѕРј РїСЏС‚СЊ С‡РµР»РѕРІРµРє РїРѕРіРёР±Р»Рё РІ Р°РІР°СЂРёРё, РІРѕР·РІСЂР°С‰Р°СЏСЃСЊ СЃ РїРѕС…РѕСЂРѕРЅ РґСЂСѓРіР°
2024-08-08 11:21:30,935 - INFO - РќРѕРІР°СЏ СЃСЃС‹Р»РєР° РґРѕР±Р°РІР»РµРЅР°: https://newdaynews.ru/today//incidents/834367.html
2024-08-08 11:21:30,939 - INFO - РќРѕРІРѕСЃС‚СЊ РґРѕР±Р°РІР»РµРЅР°: РџРѕРґ РљСЂР°СЃРЅРѕСЏСЂСЃРєРѕРј РїСЏС‚СЊ С‡РµР»РѕРІРµРє РїРѕРіРёР±Р»Рё РІ Р°РІР°СЂРёРё, РІРѕР·РІСЂР°С‰Р°СЏСЃСЊ СЃ РїРѕС…РѕСЂРѕРЅ РґСЂСѓРіР°
2024-08-08 11:21:31,272 - INFO - Р”Р°С‚Р°: 08.08.2024, Р’СЂРµРјСЏ: 09:10, Р—Р°РіРѕР»РѕРІРѕРє: Р’ Р•РєР°С‚РµСЂРёРЅР±СѓСЂРіРµ С‚СЂРµС…Р»РµС‚РЅСЏСЏ РґРµРІРѕС‡РєР° СѓС€Р»Р° РёР· СЏСЃР»РµР№ Рё РіСѓР»СЏР»Р° РїРѕ СѓР»РёС†Рµ Р‘Р°СЂРґРёРЅР°
2024-08-08 11:21:31,280 - INFO - РќРѕРІР°СЏ СЃСЃС‹Р»РєР° РґРѕР±Р°РІР»РµРЅР°: https://newdaynews.ru/today//ekaterinburg/834366.html
2024-08-08 11:21:31,284 - INFO - РќРѕРІРѕСЃС‚СЊ РґРѕР±Р°РІР»РµРЅР°: Р’ Р•РєР°С‚РµСЂРёРЅР±СѓСЂРіРµ С‚СЂРµС…Р»РµС‚РЅСЏСЏ РґРµРІРѕС‡РєР° СѓС€Р»Р° РёР· СЏСЃР»РµР№ Рё РіСѓР»СЏР»Р° РїРѕ СѓР»РёС†Рµ Р‘Р°СЂРґРёРЅР°
2024-08-08 11:21:31,651 - INFO - Р”Р°С‚Р°: 08.08.2024, Р’СЂРµРјСЏ: 09:06, Р—Р°РіРѕР»РѕРІРѕРє: РЈСЂР°Р»СЊСЃРєРёРµ РјРµС‚Р°Р»Р»СѓСЂРіРё РїСЂРµРѕРґРѕР»РµР»Рё 30-РјРёР»Р»РёРѕРЅРЅСѓСЋ РѕС‚РјРµС‚РєСѓ РІС‹РїСѓСЃРєР° СЃРѕСЂС‚РѕРІРѕРіРѕ РїСЂРѕРєР°С‚Р° РЅР° РЅРѕРІС‹С… СЃС‚Р°РЅР°С…
2024-08-08 11:21:31,660 - INFO - РќРѕРІР°СЏ СЃСЃС‹Р»РєР° РґРѕР±Р°РІР»РµРЅР°: https://newdaynews.ru/today//chelyabinsk/834365.html
2024-08-08 11:21:31,663 - INFO - РќРѕРІРѕСЃС‚СЊ РґРѕР±Р°РІР»РµРЅР°: РЈСЂР°Р»СЊСЃРєРёРµ РјРµС‚Р°Р»Р»СѓСЂРіРё РїСЂРµРѕРґРѕР»РµР»Рё 30-РјРёР»Р»РёРѕРЅРЅСѓСЋ РѕС‚РјРµС‚РєСѓ РІС‹РїСѓСЃРєР° СЃРѕСЂС‚РѕРІРѕРіРѕ РїСЂРѕРєР°С‚Р° РЅР° РЅРѕРІС‹С… СЃС‚Р°РЅР°С…
2024-08-08 11:21:32,116 - INFO - Р”Р°С‚Р°: 08.08.2024, Р’СЂРµРјСЏ: 08:49, Р—Р°РіРѕР»РѕРІРѕРє: РЎСѓРґРµР±РЅС‹Рµ РїСЂРёСЃС‚Р°РІС‹ СЃРЅРѕРІР° РЅР° РјРµСЃСЏС† Р·Р°РєСЂС‹Р»Рё Р”Рљ В«РҐРёРјРјР°С€В»
2024-08-08 11:21:32,123 - INFO - РќРѕРІР°СЏ СЃСЃС‹Р»РєР° РґРѕР±Р°РІР»РµРЅР°: https://newdaynews.ru/today//ekaterinburg/834364.html
2024-08-08 11:21:32,126 - INFO - РќРѕРІРѕСЃС‚СЊ РґРѕР±Р°РІР»РµРЅР°: РЎСѓРґРµР±РЅС‹Рµ РїСЂРёСЃС‚Р°РІС‹ СЃРЅРѕРІР° РЅР° РјРµСЃСЏС† Р·Р°РєСЂС‹Р»Рё Р”Рљ В«РҐРёРјРјР°С€В»
2024-08-08 11:21:32,493 - INFO - Р”Р°С‚Р°: 08.08.2024, Р’СЂРµРјСЏ: 08:44, Р—Р°РіРѕР»РѕРІРѕРє: Р’ РІРѕСЃРєСЂРµСЃРµРЅСЊРµ СѓС‚СЂРѕРј С†РµРЅС‚СЂ Р•РєР°С‚РµСЂРёРЅР±СѓСЂРіР° РїРµСЂРµРєСЂРѕСЋС‚ РёР·-Р·Р° РјР°СЂР°С„РѕРЅС†РµРІ
2024-08-08 11:21:32,501 - INFO - РќРѕРІР°СЏ СЃСЃС‹Р»РєР° РґРѕР±Р°РІР»РµРЅР°: https://newdaynews.ru/today//ekaterinburg/834363.html
2024-08-08 11:21:32,505 - INFO - РќРѕРІРѕСЃС‚СЊ РґРѕР±Р°РІР»РµРЅР°: Р’ РІРѕСЃРєСЂРµСЃРµРЅСЊРµ СѓС‚СЂРѕРј С†РµРЅС‚СЂ Р•РєР°С‚РµСЂРёРЅР±СѓСЂРіР° РїРµСЂРµРєСЂРѕСЋС‚ РёР·-Р·Р° РјР°СЂР°С„РѕРЅС†РµРІ
2024-08-08 11:21:32,861 - INFO - Р”Р°С‚Р°: 08.08.2024, Р’СЂРµРјСЏ: 08:44, Р—Р°РіРѕР»РѕРІРѕРє: Р®Р¶РЅРѕСѓСЂР°Р»СЊС†С‹ СЃС‚Р°Р»Рё С‡Р°С‰Рµ Р·Р°РІРѕР·РёС‚СЊ Р°РІС‚РѕРјРѕР±РёР»Рё РёР· РґР°Р»СЊРЅРµРіРѕ Р·Р°СЂСѓР±РµР¶СЊСЏ
2024-08-08 11:21:32,866 - INFO - РќРѕРІР°СЏ СЃСЃС‹Р»РєР° РґРѕР±Р°РІР»РµРЅР°: https://newdaynews.ru/today//chelyabinsk/834362.html
2024-08-08 11:21:32,871 - INFO - РќРѕРІРѕСЃС‚СЊ РґРѕР±Р°РІР»РµРЅР°: Р®Р¶РЅРѕСѓСЂР°Р»СЊС†С‹ СЃС‚Р°Р»Рё С‡Р°С‰Рµ Р·Р°РІРѕР·РёС‚СЊ Р°РІС‚РѕРјРѕР±РёР»Рё РёР· РґР°Р»СЊРЅРµРіРѕ Р·Р°СЂСѓР±РµР¶СЊСЏ
2024-08-08 11:21:33,206 - INFO - Р”Р°С‚Р°: 08.08.2024, Р’СЂРµРјСЏ: 08:44, Р—Р°РіРѕР»РѕРІРѕРє: РџСЂРѕРіСЂР°РјРјС‹ РґР»СЏ СѓСЃРєРѕСЂРµРЅРёСЏ YouTube РєСЂР°РґСѓС‚ Р»РёС‡РЅС‹Рµ РґР°РЅРЅС‹Рµ СЂРѕСЃСЃРёСЏРЅ
2024-08-08 11:21:33,216 - INFO - РќРѕРІР°СЏ СЃСЃС‹Р»РєР° РґРѕР±Р°РІР»РµРЅР°: https://newdaynews.ru/today//technology/834361.html
2024-08-08 11:21:33,219 - INFO - РќРѕРІРѕСЃС‚СЊ РґРѕР±Р°РІР»РµРЅР°: РџСЂРѕРіСЂР°РјРјС‹ РґР»СЏ СѓСЃРєРѕСЂРµРЅРёСЏ YouTube РєСЂР°РґСѓС‚ Р»РёС‡РЅС‹Рµ РґР°РЅРЅС‹Рµ СЂРѕСЃСЃРёСЏРЅ
2024-08-08 11:21:33,581 - INFO - Р”Р°С‚Р°: 08.08.2024, Р’СЂРµРјСЏ: 08:42, Р—Р°РіРѕР»РѕРІРѕРє: РђРЅС‚РѕРЅРѕРІ РЅР°Р·РІР°Р» Р°С‚Р°РєРё РЅР° РљСѓСЂСЃРєСѓСЋ РѕР±Р»Р°СЃС‚СЊ С‚РµСЂР°РєС‚Р°РјРё СЃ Р°РјРµСЂРёРєР°РЅСЃРєРёРј РѕСЂСѓР¶РёРµРј
2024-08-08 11:21:33,585 - INFO - РќРѕРІР°СЏ СЃСЃС‹Р»РєР° РґРѕР±Р°РІР»РµРЅР°: https://newdaynews.ru/today//politics/834360.html
2024-08-08 11:21:33,588 - INFO - РќРѕРІРѕСЃС‚СЊ РґРѕР±Р°РІР»РµРЅР°: РђРЅС‚РѕРЅРѕРІ РЅР°Р·РІР°Р» Р°С‚Р°РєРё РЅР° РљСѓСЂСЃРєСѓСЋ РѕР±Р»Р°СЃС‚СЊ С‚РµСЂР°РєС‚Р°РјРё СЃ Р°РјРµСЂРёРєР°РЅСЃРєРёРј РѕСЂСѓР¶РёРµРј
2024-08-08 11:21:34,013 - INFO - Р”Р°С‚Р°: 08.08.2024, Р’СЂРµРјСЏ: 08:36, Р—Р°РіРѕР»РѕРІРѕРє: Р¤РёРЅР°Р» В«РњРёСЃСЃ Р•РєР°С‚РµСЂРёРЅР±СѓСЂРіВ» РїРµСЂРµРЅРµСЃР»Рё РЅР° РЅРѕРІСѓСЋ РїР»РѕС‰Р°РґРєСѓ
2024-08-08 11:21:34,021 - INFO - РќРѕРІР°СЏ СЃСЃС‹Р»РєР° РґРѕР±Р°РІР»РµРЅР°: https://newdaynews.ru/today//ekaterinburg/834359.html
2024-08-08 11:21:34,024 - INFO - РќРѕРІРѕСЃС‚СЊ РґРѕР±Р°РІР»РµРЅР°: Р¤РёРЅР°Р» В«РњРёСЃСЃ Р•РєР°С‚РµСЂРёРЅР±СѓСЂРіВ» РїРµСЂРµРЅРµСЃР»Рё РЅР° РЅРѕРІСѓСЋ РїР»РѕС‰Р°РґРєСѓ
2024-08-08 11:21:34,420 - INFO - Р”Р°С‚Р°: 08.08.2024, Р’СЂРµРјСЏ: 08:09, Р—Р°РіРѕР»РѕРІРѕРє: Р’ РњРёР°СЃСЃРµ С€РєРѕР»СЊРЅРёРє РЅРµ СЃРјРѕРі РІС‹Р±СЂР°С‚СЊСЃСЏ РёР· Р·Р°РіРѕСЂРµРІС€РµР№СЃСЏ Р±Р°РЅРё
2024-08-08 11:21:34,429 - INFO - РќРѕРІР°СЏ СЃСЃС‹Р»РєР° РґРѕР±Р°РІР»РµРЅР°: https://newdaynews.ru/today//chelyabinsk/834358.html
2024-08-08 11:21:34,432 - INFO - РќРѕРІРѕСЃС‚СЊ РґРѕР±Р°РІР»РµРЅР°: Р’ РњРёР°СЃСЃРµ С€РєРѕР»СЊРЅРёРє РЅРµ СЃРјРѕРі РІС‹Р±СЂР°С‚СЊСЃСЏ РёР· Р·Р°РіРѕСЂРµРІС€РµР№СЃСЏ Р±Р°РЅРё
2024-08-08 11:21:34,796 - INFO - Р”Р°С‚Р°: 08.08.2024, Р’СЂРµРјСЏ: 08:09, Р—Р°РіРѕР»РѕРІРѕРє: РќР°С…РѕРґРёРІС€Р°СЏСЃСЏ СЃ РџРѕРґРґСѓР±РЅС‹Рј СЃСЉРµРјРѕС‡РЅР°СЏ РіСЂСѓРїРїР° Р’Р“РўР Рљ РЅРµ РїРѕСЃС‚СЂР°РґР°Р»Р°
2024-08-08 11:21:34,801 - INFO - РќРѕРІР°СЏ СЃСЃС‹Р»РєР° РґРѕР±Р°РІР»РµРЅР°: https://newdaynews.ru/today//incidents/834357.html
2024-08-08 11:21:34,804 - INFO - РќРѕРІРѕСЃС‚СЊ РґРѕР±Р°РІР»РµРЅР°: РќР°С…РѕРґРёРІС€Р°СЏСЃСЏ СЃ РџРѕРґРґСѓР±РЅС‹Рј СЃСЉРµРјРѕС‡РЅР°СЏ РіСЂСѓРїРїР° Р’Р“РўР Рљ РЅРµ РїРѕСЃС‚СЂР°РґР°Р»Р°
2024-08-08 11:21:35,147 - INFO - Р”Р°С‚Р°: 08.08.2024, Р’СЂРµРјСЏ: 08:04, Р—Р°РіРѕР»РѕРІРѕРє: РЈ РІСѓР»РєР°РЅР° РЅР° РљР°РјС‡Р°С‚РєРµ РѕР±РЅР°СЂСѓР¶РёР»Рё Р»РµР¶Р°С‰РёР№ РЅР° Р±РѕРєСѓ РІРµСЂС‚РѕР»РµС‚
2024-08-08 11:21:35,151 - INFO - РќРѕРІР°СЏ СЃСЃС‹Р»РєР° РґРѕР±Р°РІР»РµРЅР°: https://newdaynews.ru/today//fareast/834218.html
2024-08-08 11:21:35,154 - INFO - РќРѕРІРѕСЃС‚СЊ РґРѕР±Р°РІР»РµРЅР°: РЈ РІСѓР»РєР°РЅР° РЅР° РљР°РјС‡Р°С‚РєРµ РѕР±РЅР°СЂСѓР¶РёР»Рё Р»РµР¶Р°С‰РёР№ РЅР° Р±РѕРєСѓ РІРµСЂС‚РѕР»РµС‚
2024-08-08 11:21:35,566 - INFO - Р”Р°С‚Р°: 08.08.2024, Р’СЂРµРјСЏ: 08:01, Р—Р°РіРѕР»РѕРІРѕРє: Р’ Р›РѕР±РІРµ 9-Р»РµС‚РЅРёР№ СЂРµР±РµРЅРѕРє РїРѕР»СѓС‡РёР» С‚СЏР¶РµР»С‹Рµ С‚СЂР°РІРјС‹ РѕС‚ СЃС‚РѕР»РєРЅРѕРІРµРЅРёСЏ СЃ СЃР°РјРѕРєР°С‚С‡РёРєРѕРј
2024-08-08 11:21:35,570 - INFO - РќРѕРІР°СЏ СЃСЃС‹Р»РєР° РґРѕР±Р°РІР»РµРЅР°: https://newdaynews.ru/today//ekaterinburg/834356.html
2024-08-08 11:21:35,573 - INFO - РќРѕРІРѕСЃС‚СЊ РґРѕР±Р°РІР»РµРЅР°: Р’ Р›РѕР±РІРµ 9-Р»РµС‚РЅРёР№ СЂРµР±РµРЅРѕРє РїРѕР»СѓС‡РёР» С‚СЏР¶РµР»С‹Рµ С‚СЂР°РІРјС‹ РѕС‚ СЃС‚РѕР»РєРЅРѕРІРµРЅРёСЏ СЃ СЃР°РјРѕРєР°С‚С‡РёРєРѕРј
2024-08-08 11:21:35,942 - INFO - Р”Р°С‚Р°: 08.08.2024, Р’СЂРµРјСЏ: 07:41, Р—Р°РіРѕР»РѕРІРѕРє: Р РѕСЃСЃРёСЏРЅРµ РЅР°Р·РІР°Р»Рё РіР»Р°РІРЅС‹Рµ РєР°С‡РµСЃС‚РІР° РЅР°СЃС‚РѕСЏС‰РµРіРѕ РґСЂСѓРіР° (РРќР¤РћР“Р РђР¤РРљРђ)
2024-08-08 11:21:35,949 - INFO - РќРѕРІР°СЏ СЃСЃС‹Р»РєР° РґРѕР±Р°РІР»РµРЅР°: https://newdaynews.ru/today//ekaterinburg/834355.html
2024-08-08 11:21:35,953 - INFO - РќРѕРІРѕСЃС‚СЊ РґРѕР±Р°РІР»РµРЅР°: Р РѕСЃСЃРёСЏРЅРµ РЅР°Р·РІР°Р»Рё РіР»Р°РІРЅС‹Рµ РєР°С‡РµСЃС‚РІР° РЅР°СЃС‚РѕСЏС‰РµРіРѕ РґСЂСѓРіР° (РРќР¤РћР“Р РђР¤РРљРђ)
2024-08-08 11:21:36,381 - INFO - Р”Р°С‚Р°: 08.08.2024, Р’СЂРµРјСЏ: 07:35, Р—Р°РіРѕР»РѕРІРѕРє: Р’ РќР°РґС‹РјРµ СЂРµР±С‘РЅРѕРє РЅРµСѓРґР°С‡РЅРѕ СѓРїР°Р» РІ РґРµС‚СЃР°РґСѓ Рё Р»РёС€РёР»СЃСЏ С‡Р°СЃС‚Рё РїРѕС‡РєРё
2024-08-08 11:21:36,390 - INFO - РќРѕРІР°СЏ СЃСЃС‹Р»РєР° РґРѕР±Р°РІР»РµРЅР°: https://newdaynews.ru/today//yanao/834354.html
2024-08-08 11:21:36,394 - INFO - РќРѕРІРѕСЃС‚СЊ РґРѕР±Р°РІР»РµРЅР°: Р’ РќР°РґС‹РјРµ СЂРµР±С‘РЅРѕРє РЅРµСѓРґР°С‡РЅРѕ СѓРїР°Р» РІ РґРµС‚СЃР°РґСѓ Рё Р»РёС€РёР»СЃСЏ С‡Р°СЃС‚Рё РїРѕС‡РєРё
2024-08-08 11:21:36,839 - INFO - Р”Р°С‚Р°: 08.08.2024, Р’СЂРµРјСЏ: 07:34, Р—Р°РіРѕР»РѕРІРѕРє: РџРѕСЃС‚СЂР°РґР°РІС€РёР№ РѕС‚ РІР·СЂС‹РІР° РіР°Р·Р° РґРѕРј РІ РќРёР¶РЅРµРј РўР°РіРёР»Рµ СЂР°СЃСЃРµР»СЏС‚ Рё СЃРЅРµСЃСѓС‚
2024-08-08 11:21:36,842 - INFO - РќРѕРІР°СЏ СЃСЃС‹Р»РєР° РґРѕР±Р°РІР»РµРЅР°: https://newdaynews.ru/today//ekaterinburg/834353.html
2024-08-08 11:21:36,845 - INFO - РќРѕРІРѕСЃС‚СЊ РґРѕР±Р°РІР»РµРЅР°: РџРѕСЃС‚СЂР°РґР°РІС€РёР№ РѕС‚ РІР·СЂС‹РІР° РіР°Р·Р° РґРѕРј РІ РќРёР¶РЅРµРј РўР°РіРёР»Рµ СЂР°СЃСЃРµР»СЏС‚ Рё СЃРЅРµСЃСѓС‚
2024-08-08 11:21:37,227 - INFO - Р”Р°С‚Р°: 08.08.2024, Р’СЂРµРјСЏ: 05:00, Р—Р°РіРѕР»РѕРІРѕРє: 8 Р°РІРіСѓСЃС‚Р° РІ РЎРІРµСЂРґР»РѕРІСЃРєРѕР№ РѕР±Р»Р°СЃС‚Рё РѕР¶РёРґР°СЋС‚СЃСЏ СЃР»РµРґСѓСЋС‰РёРµ СЃРѕР±С‹С‚РёСЏ
2024-08-08 11:21:37,231 - INFO - РќРѕРІР°СЏ СЃСЃС‹Р»РєР° РґРѕР±Р°РІР»РµРЅР°: https://newdaynews.ru/today//ekaterinburg/announc/834321.html
2024-08-08 11:21:37,235 - INFO - РќРѕРІРѕСЃС‚СЊ РґРѕР±Р°РІР»РµРЅР°: 8 Р°РІРіСѓСЃС‚Р° РІ РЎРІРµСЂРґР»РѕРІСЃРєРѕР№ РѕР±Р»Р°СЃС‚Рё РѕР¶РёРґР°СЋС‚СЃСЏ СЃР»РµРґСѓСЋС‰РёРµ СЃРѕР±С‹С‚РёСЏ
2024-08-08 11:21:37,608 - INFO - Р”Р°С‚Р°: 08.08.2024, Р’СЂРµРјСЏ: 04:00, Р—Р°РіРѕР»РѕРІРѕРє: 8 Р°РІРіСѓСЃС‚Р° РѕР¶РёРґР°СЋС‚СЃСЏ СЃР»РµРґСѓСЋС‰РёРµ СЃРѕР±С‹С‚РёСЏ вЂ“ Р§РµР»СЏР±РёРЅСЃРє
2024-08-08 11:21:37,613 - INFO - РќРѕРІР°СЏ СЃСЃС‹Р»РєР° РґРѕР±Р°РІР»РµРЅР°: https://newdaynews.ru/today//chelyabinsk/834348.html
2024-08-08 11:21:37,616 - INFO - РќРѕРІРѕСЃС‚СЊ РґРѕР±Р°РІР»РµРЅР°: 8 Р°РІРіСѓСЃС‚Р° РѕР¶РёРґР°СЋС‚СЃСЏ СЃР»РµРґСѓСЋС‰РёРµ СЃРѕР±С‹С‚РёСЏ вЂ“ Р§РµР»СЏР±РёРЅСЃРє
2024-08-08 11:21:38,005 - INFO - Р”Р°С‚Р°: 08.08.2024, Р’СЂРµРјСЏ: 00:34, Р—Р°РіРѕР»РѕРІРѕРє: РЈРєСЂР°РёРЅСЃРєРёРµ С…Р»РµР±РѕР·Р°РІРѕРґС‹ РЅР° РіСЂР°РЅРё РѕСЃС‚Р°РЅРѕРІРєРё
2024-08-08 11:21:38,013 - INFO - РќРѕРІР°СЏ СЃСЃС‹Р»РєР° РґРѕР±Р°РІР»РµРЅР°: https://newdaynews.ru/today//ukraine/834352.html
2024-08-08 11:21:38,017 - INFO - РќРѕРІРѕСЃС‚СЊ РґРѕР±Р°РІР»РµРЅР°: РЈРєСЂР°РёРЅСЃРєРёРµ С…Р»РµР±РѕР·Р°РІРѕРґС‹ РЅР° РіСЂР°РЅРё РѕСЃС‚Р°РЅРѕРІРєРё
2024-08-08 11:21:38,352 - INFO - Р”Р°С‚Р°: 07.08.2024, Р’СЂРµРјСЏ: 23:50, Р—Р°РіРѕР»РѕРІРѕРє: Р РѕСЃСЃРёСЏ РІС‹СЂР°Р·РёР»Р° РЇРїРѕРЅРёРё СЂРµС€РёС‚РµР»СЊРЅС‹Р№ РїСЂРѕС‚РµСЃС‚
2024-08-08 11:21:38,359 - INFO - РќРѕРІР°СЏ СЃСЃС‹Р»РєР° РґРѕР±Р°РІР»РµРЅР°: https://newdaynews.ru/today//politics/834351.html
2024-08-08 11:21:38,362 - INFO - РќРѕРІРѕСЃС‚СЊ РґРѕР±Р°РІР»РµРЅР°: Р РѕСЃСЃРёСЏ РІС‹СЂР°Р·РёР»Р° РЇРїРѕРЅРёРё СЂРµС€РёС‚РµР»СЊРЅС‹Р№ РїСЂРѕС‚РµСЃС‚
2024-08-08 11:21:38,729 - INFO - Р”Р°С‚Р°: 07.08.2024, Р’СЂРµРјСЏ: 23:16, Р—Р°РіРѕР»РѕРІРѕРє: РЎРњР: Р’РѕРµРЅРєРѕСЂ РџРѕРґРґСѓР±РЅС‹Р№ РІС‹Р¶РёР»
2024-08-08 11:21:38,733 - INFO - РќРѕРІР°СЏ СЃСЃС‹Р»РєР° РґРѕР±Р°РІР»РµРЅР°: https://newdaynews.ru/today//incidents/834350.html
2024-08-08 11:21:38,735 - INFO - РќРѕРІРѕСЃС‚СЊ РґРѕР±Р°РІР»РµРЅР°: РЎРњР: Р’РѕРµРЅРєРѕСЂ РџРѕРґРґСѓР±РЅС‹Р№ РІС‹Р¶РёР»
2024-08-08 11:21:39,119 - INFO - Р”Р°С‚Р°: 07.08.2024, Р’СЂРµРјСЏ: 22:54, Р—Р°РіРѕР»РѕРІРѕРє: Р’ СЂРµР·СѓР»СЊС‚Р°С‚Рµ СѓРґР°СЂР° РїРѕ СЃРµР»Сѓ РІ Р‘РµР»РіРѕСЂРѕРґСЃРєРѕР№ РѕР±Р»Р°СЃС‚Рё СЂР°РЅРµРЅ РјРёСЂРЅС‹Р№ Р¶РёС‚РµР»СЊ
2024-08-08 11:21:39,127 - INFO - РќРѕРІР°СЏ СЃСЃС‹Р»РєР° РґРѕР±Р°РІР»РµРЅР°: https://newdaynews.ru/today//incidents/834349.html
2024-08-08 11:21:39,130 - INFO - РќРѕРІРѕСЃС‚СЊ РґРѕР±Р°РІР»РµРЅР°: Р’ СЂРµР·СѓР»СЊС‚Р°С‚Рµ СѓРґР°СЂР° РїРѕ СЃРµР»Сѓ РІ Р‘РµР»РіРѕСЂРѕРґСЃРєРѕР№ РѕР±Р»Р°СЃС‚Рё СЂР°РЅРµРЅ РјРёСЂРЅС‹Р№ Р¶РёС‚РµР»СЊ
2024-08-08 11:21:39,480 - INFO - Р”Р°С‚Р°: 07.08.2024, Р’СЂРµРјСЏ: 22:14, Р—Р°РіРѕР»РѕРІРѕРє: РўСѓСЂС†РёСЏ РїСЂРёСЃРѕРµРґРёРЅРёР»Р°СЃСЊ Рє РёСЃРєСѓ РїСЂРѕС‚РёРІ РР·СЂР°РёР»СЏ
2024-08-08 11:21:39,488 - INFO - РќРѕРІР°СЏ СЃСЃС‹Р»РєР° РґРѕР±Р°РІР»РµРЅР°: https://newdaynews.ru/today//politics/834347.html
2024-08-08 11:21:39,492 - INFO - РќРѕРІРѕСЃС‚СЊ РґРѕР±Р°РІР»РµРЅР°: РўСѓСЂС†РёСЏ РїСЂРёСЃРѕРµРґРёРЅРёР»Р°СЃСЊ Рє РёСЃРєСѓ РїСЂРѕС‚РёРІ РР·СЂР°РёР»СЏ
2024-08-08 11:21:39,864 - INFO - Р”Р°С‚Р°: 07.08.2024, Р’СЂРµРјСЏ: 21:43, Р—Р°РіРѕР»РѕРІРѕРє: РЎРњР: РџРѕРіРёР± РІРѕРµРЅРєРѕСЂ Р•РІРіРµРЅРёР№ РџРѕРґРґСѓР±РЅС‹Р№
2024-08-08 11:21:39,867 - INFO - РќРѕРІР°СЏ СЃСЃС‹Р»РєР° РґРѕР±Р°РІР»РµРЅР°: https://newdaynews.ru/today//incidents/834346.html
2024-08-08 11:21:39,869 - INFO - РќРѕРІРѕСЃС‚СЊ РґРѕР±Р°РІР»РµРЅР°: РЎРњР: РџРѕРіРёР± РІРѕРµРЅРєРѕСЂ Р•РІРіРµРЅРёР№ РџРѕРґРґСѓР±РЅС‹Р№
2024-08-08 11:21:40,255 - INFO - Р”Р°С‚Р°: 07.08.2024, Р’СЂРµРјСЏ: 21:33, Р—Р°РіРѕР»РѕРІРѕРє: Р’Р°С€РёРЅРіС‚РѕРЅ РЅР°Р·РІР°Р» РёРЅРёС†РёР°С‚РёРІРѕР№ РЈРєСЂР°РёРЅС‹ РЅР°РїР°РґРµРЅРёРµ РЅР° РљСѓСЂСЃРєСѓСЋ РѕР±Р»Р°СЃС‚СЊ
2024-08-08 11:21:40,263 - INFO - РќРѕРІР°СЏ СЃСЃС‹Р»РєР° РґРѕР±Р°РІР»РµРЅР°: https://newdaynews.ru/today//politics/834345.html
2024-08-08 11:21:40,267 - INFO - РќРѕРІРѕСЃС‚СЊ РґРѕР±Р°РІР»РµРЅР°: Р’Р°С€РёРЅРіС‚РѕРЅ РЅР°Р·РІР°Р» РёРЅРёС†РёР°С‚РёРІРѕР№ РЈРєСЂР°РёРЅС‹ РЅР°РїР°РґРµРЅРёРµ РЅР° РљСѓСЂСЃРєСѓСЋ РѕР±Р»Р°СЃС‚СЊ
2024-08-08 11:21:40,644 - INFO - Р”Р°С‚Р°: 07.08.2024, Р’СЂРµРјСЏ: 21:11, Р—Р°РіРѕР»РѕРІРѕРє: Р’ РљСѓСЂСЃРєРѕР№ РѕР±Р»Р°СЃС‚Рё РІРІРµР»Рё СЂРµР¶РёРј Р§РЎ
2024-08-08 11:21:40,651 - INFO - РќРѕРІР°СЏ СЃСЃС‹Р»РєР° РґРѕР±Р°РІР»РµРЅР°: https://newdaynews.ru/today//incidents/834344.html
2024-08-08 11:21:40,654 - INFO - РќРѕРІРѕСЃС‚СЊ РґРѕР±Р°РІР»РµРЅР°: Р’ РљСѓСЂСЃРєРѕР№ РѕР±Р»Р°СЃС‚Рё РІРІРµР»Рё СЂРµР¶РёРј Р§РЎ
2024-08-08 11:21:41,039 - INFO - Р”Р°С‚Р°: 05.08.2024, Р’СЂРµРјСЏ: 09:39, Р—Р°РіРѕР»РѕРІРѕРє: Р”РІР° СЃРѕС‚СЂСѓРґРЅРёРєР° С„РёСЂРјС‹ РёР· РєРѕСЂСЂСѓРїС†РёРѕРЅРЅРѕРіРѕ РґРµР»Р° Р’РѕСЂРѕРЅРѕРІР° СЃС‚Р°Р»Рё РєР°РЅРґРёРґР°С‚Р°РјРё РІ РіРѕСЂРґСѓРјСѓ Р›Р°Р±С‹С‚РЅР°РЅРіРё
2024-08-08 11:21:41,044 - INFO - РќРѕРІР°СЏ СЃСЃС‹Р»РєР° РґРѕР±Р°РІР»РµРЅР°: https://newdaynews.ru/today//yanao/834093.html
2024-08-08 11:21:41,049 - INFO - РќРѕРІРѕСЃС‚СЊ РґРѕР±Р°РІР»РµРЅР°: Р”РІР° СЃРѕС‚СЂСѓРґРЅРёРєР° С„РёСЂРјС‹ РёР· РєРѕСЂСЂСѓРїС†РёРѕРЅРЅРѕРіРѕ РґРµР»Р° Р’РѕСЂРѕРЅРѕРІР° СЃС‚Р°Р»Рё РєР°РЅРґРёРґР°С‚Р°РјРё РІ РіРѕСЂРґСѓРјСѓ Р›Р°Р±С‹С‚РЅР°РЅРіРё
2024-08-08 11:21:41,412 - INFO - Р”Р°С‚Р°: 05.08.2024, Р’СЂРµРјСЏ: 09:51, Р—Р°РіРѕР»РѕРІРѕРє: В«Р­РєРѕСЃРµСЂРІРёСЃВ» РїРѕРїС‹С‚Р°РµС‚СЃСЏ РІРµСЂРЅСѓС‚СЊ СЃС‚Р°С‚СѓСЃ СЂРµРіРѕРїРµСЂР°С‚РѕСЂР° С‡РµСЂРµР· СЃСѓРґ
2024-08-08 11:21:41,420 - INFO - РќРѕРІР°СЏ СЃСЃС‹Р»РєР° РґРѕР±Р°РІР»РµРЅР°: https://newdaynews.ru/today//ekaterinburg/834099.html
2024-08-08 11:21:41,423 - INFO - РќРѕРІРѕСЃС‚СЊ РґРѕР±Р°РІР»РµРЅР°: В«Р­РєРѕСЃРµСЂРІРёСЃВ» РїРѕРїС‹С‚Р°РµС‚СЃСЏ РІРµСЂРЅСѓС‚СЊ СЃС‚Р°С‚СѓСЃ СЂРµРіРѕРїРµСЂР°С‚РѕСЂР° С‡РµСЂРµР· СЃСѓРґ
2024-08-08 11:21:41,784 - INFO - Р”Р°С‚Р°: 08.08.2024, Р’СЂРµРјСЏ: 08:09, Р—Р°РіРѕР»РѕРІРѕРє: РќР°С…РѕРґРёРІС€Р°СЏСЃСЏ СЃ РџРѕРґРґСѓР±РЅС‹Рј СЃСЉРµРјРѕС‡РЅР°СЏ РіСЂСѓРїРїР° Р’Р“РўР Рљ РЅРµ РїРѕСЃС‚СЂР°РґР°Р»Р°
2024-08-08 16:31:47,675 - INFO - Страница успешно загружена
2024-08-08 16:31:47,711 - INFO - Найдены элементы
2024-08-08 16:31:47,711 - INFO - Количество найденных новостей: 82
2024-08-08 16:31:48,038 - INFO - Дата: 08.08.2024, Время: 14:17, Заголовок: Украинские боевики все чаще применяют кустарные взрывные устройства
2024-08-08 16:31:48,052 - INFO - Новая ссылка добавлена: https://newdaynews.ru/today//ukraine/834411.html
2024-08-08 16:31:48,061 - INFO - Новость добавлена: Украинские боевики все чаще применяют кустарные взрывные устройства
2024-08-08 16:31:48,411 - INFO - Дата: 08.08.2024, Время: 14:15, Заголовок: Зооспасатель снял с барельефа в историческом сквере маленького котенка
2024-08-08 16:31:48,415 - INFO - Новая ссылка добавлена: https://newdaynews.ru/today//ekaterinburg/834410.html
2024-08-08 16:31:48,417 - INFO - Новость добавлена: Зооспасатель снял с барельефа в историческом сквере маленького котенка
2024-08-08 16:31:48,830 - INFO - Дата: 08.08.2024, Время: 13:59, Заголовок: Подмосковье готовится принять эвакуированных жителей Курской области
2024-08-08 16:31:48,833 - INFO - Новая ссылка добавлена: https://newdaynews.ru/today//moscow/834405.html
2024-08-08 16:31:48,835 - INFO - Новость добавлена: Подмосковье готовится принять эвакуированных жителей Курской области
2024-08-08 16:31:49,198 - INFO - Дата: 08.08.2024, Время: 13:55, Заголовок: ВС РФ сбили украинский МиГ-29 и 80 дронов
2024-08-08 16:31:49,204 - INFO - Новая ссылка добавлена: https://newdaynews.ru/today//ukraine/834409.html
2024-08-08 16:31:49,207 - INFO - Новость добавлена: ВС РФ сбили украинский МиГ-29 и 80 дронов
2024-08-08 16:31:49,552 - INFO - Дата: 08.08.2024, Время: 13:44, Заголовок: В Якутии вертолет упал на бок при посадке
2024-08-08 16:31:49,558 - INFO - Новая ссылка добавлена: https://newdaynews.ru/today//incidents/834408.html
2024-08-08 16:31:49,560 - INFO - Новость добавлена: В Якутии вертолет упал на бок при посадке
2024-08-08 16:31:49,901 - INFO - Дата: 08.08.2024, Время: 13:42, Заголовок: Генеральный директор «Уральских авиалиний» уступил кресло сыну
2024-08-08 16:31:49,908 - INFO - Новая ссылка добавлена: https://newdaynews.ru/today//ekaterinburg/834407.html
2024-08-08 16:31:49,910 - INFO - Новость добавлена: Генеральный директор «Уральских авиалиний» уступил кресло сыну
2024-08-08 16:31:50,241 - INFO - Дата: 08.08.2024, Время: 13:36, Заголовок: Строители призвали не брать ипотеку под 25% и предложили подождать полгода
2024-08-08 16:31:50,243 - INFO - Новая ссылка добавлена: https://newdaynews.ru/today//ekaterinburg/834406.html
2024-08-08 16:31:50,246 - INFO - Новость добавлена: Строители призвали не брать ипотеку под 25% и предложили подождать полгода
2024-08-08 16:31:50,601 - INFO - Дата: 08.08.2024, Время: 13:29, Заголовок: В Киеве раскрыли цель атаки на Курскую область
